# JRE version: OpenJDK Runtime Environment (8.0_382-b05) (build 1.8.0_382-b05)
# Java VM: OpenJDK 64-Bit Server VM (25.382-b05 mixed mode windows-amd64 compressed oops)
Heap:
 PSYoungGen      total 162304K, used 25643K [0x000000076bd00000, 0x0000000779a00000, 0x00000007c0000000)
  eden space 150016K, 17% used [0x000000076bd00000,0x000000076d60ad78,0x0000000774f80000)
  from space 12288K, 0% used [0x0000000775b00000,0x0000000775b00000,0x0000000776700000)
  to   space 11776K, 0% used [0x0000000774f80000,0x0000000774f80000,0x0000000775b00000)
 ParOldGen       total 104448K, used 12333K [0x00000006c3600000, 0x00000006c9c00000, 0x000000076bd00000)
  object space 104448K, 11% used [0x00000006c3600000,0x00000006c420b650,0x00000006c9c00000)
 Metaspace       used 34811K, capacity 36911K, committed 37040K, reserved 1081344K
  class space    used 4607K, capacity 4981K, committed 5040K, reserved 1048576K
GC Heap History (10 events):
Event: 1.336 GC heap before
{Heap before GC invocations=4 (full 1):
 PSYoungGen      total 75776K, used 7990K [0x000000076bd00000, 0x0000000775100000, 0x00000007c0000000)
  eden space 65024K, 0% used [0x000000076bd00000,0x000000076bd00000,0x000000076fc80000)
  from space 10752K, 74% used [0x000000076fc80000,0x000000077044db88,0x0000000770700000)
  to   space 10752K, 0% used [0x0000000774680000,0x0000000774680000,0x0000000775100000)
 ParOldGen       total 173568K, used 32K [0x00000006c3600000, 0x00000006cdf80000, 0x000000076bd00000)
  object space 173568K, 0% used [0x00000006c3600000,0x00000006c3608000,0x00000006cdf80000)
 Metaspace       used 20437K, capacity 21252K, committed 21296K, reserved 1067008K
  class space    used 2639K, capacity 2847K, committed 2864K, reserved 1048576K
Event: 1.356 GC heap after
Heap after GC invocations=4 (full 1):
 PSYoungGen      total 75776K, used 0K [0x000000076bd00000, 0x0000000775100000, 0x00000007c0000000)
  eden space 65024K, 0% used [0x000000076bd00000,0x000000076bd00000,0x000000076fc80000)
  from space 10752K, 0% used [0x000000076fc80000,0x000000076fc80000,0x0000000770700000)
  to   space 10752K, 0% used [0x0000000774680000,0x0000000774680000,0x0000000775100000)
 ParOldGen       total 104448K, used 7666K [0x00000006c3600000, 0x00000006c9c00000, 0x000000076bd00000)
  object space 104448K, 7% used [0x00000006c3600000,0x00000006c3d7c828,0x00000006c9c00000)
 Metaspace       used 20437K, capacity 21252K, committed 21296K, reserved 1067008K
  class space    used 2639K, capacity 2847K, committed 2864K, reserved 1048576K
}
Event: 1.647 GC heap before
{Heap before GC invocations=5 (full 1):
 PSYoungGen      total 75776K, used 65024K [0x000000076bd00000, 0x0000000775100000, 0x00000007c0000000)
  eden space 65024K, 100% used [0x000000076bd00000,0x000000076fc80000,0x000000076fc80000)
  from space 10752K, 0% used [0x000000076fc80000,0x000000076fc80000,0x0000000770700000)
  to   space 10752K, 0% used [0x0000000774680000,0x0000000774680000,0x0000000775100000)
 ParOldGen       total 104448K, used 7666K [0x00000006c3600000, 0x00000006c9c00000, 0x000000076bd00000)
  object space 104448K, 7% used [0x00000006c3600000,0x00000006c3d7c828,0x00000006c9c00000)
 Metaspace       used 24692K, capacity 25700K, committed 25776K, reserved 1071104K
  class space    used 3195K, capacity 3441K, committed 3504K, reserved 1048576K
Event: 1.653 GC heap after
Heap after GC invocations=5 (full 1):
 PSYoungGen      total 108032K, used 7218K [0x000000076bd00000, 0x0000000774e00000, 0x00000007c0000000)
  eden space 100352K, 0% used [0x000000076bd00000,0x000000076bd00000,0x0000000771f00000)
  from space 7680K, 93% used [0x0000000774680000,0x0000000774d8ca08,0x0000000774e00000)
  to   space 10752K, 0% used [0x0000000773900000,0x0000000773900000,0x0000000774380000)
 ParOldGen       total 104448K, used 7674K [0x00000006c3600000, 0x00000006c9c00000, 0x000000076bd00000)
  object space 104448K, 7% used [0x00000006c3600000,0x00000006c3d7e828,0x00000006c9c00000)
 Metaspace       used 24692K, capacity 25700K, committed 25776K, reserved 1071104K
  class space    used 3195K, capacity 3441K, committed 3504K, reserved 1048576K
}
Event: 3.091 GC heap before
{Heap before GC invocations=6 (full 1):
 PSYoungGen      total 108032K, used 107570K [0x000000076bd00000, 0x0000000774e00000, 0x00000007c0000000)
  eden space 100352K, 100% used [0x000000076bd00000,0x0000000771f00000,0x0000000771f00000)
  from space 7680K, 93% used [0x0000000774680000,0x0000000774d8ca08,0x0000000774e00000)
  to   space 10752K, 0% used [0x0000000773900000,0x0000000773900000,0x0000000774380000)
 ParOldGen       total 104448K, used 7674K [0x00000006c3600000, 0x00000006c9c00000, 0x000000076bd00000)
  object space 104448K, 7% used [0x00000006c3600000,0x00000006c3d7e828,0x00000006c9c00000)
 Metaspace       used 32742K, capacity 34740K, committed 34992K, reserved 1079296K
  class space    used 4336K, capacity 4707K, committed 4784K, reserved 1048576K
Event: 3.098 GC heap after
Heap after GC invocations=6 (full 1):
 PSYoungGen      total 137728K, used 10751K [0x000000076bd00000, 0x0000000776700000, 0x00000007c0000000)
  eden space 126976K, 0% used [0x000000076bd00000,0x000000076bd00000,0x0000000773900000)
  from space 10752K, 99% used [0x0000000773900000,0x000000077437ffc0,0x0000000774380000)
  to   space 12288K, 0% used [0x0000000775b00000,0x0000000775b00000,0x0000000776700000)
 ParOldGen       total 104448K, used 9555K [0x00000006c3600000, 0x00000006c9c00000, 0x000000076bd00000)
  object space 104448K, 9% used [0x00000006c3600000,0x00000006c3f54f38,0x00000006c9c00000)
 Metaspace       used 32742K, capacity 34740K, committed 34992K, reserved 1079296K
  class space    used 4336K, capacity 4707K, committed 4784K, reserved 1048576K
}
Event: 3.190 GC heap before
{Heap before GC invocations=7 (full 1):
 PSYoungGen      total 137728K, used 21144K [0x000000076bd00000, 0x0000000776700000, 0x00000007c0000000)
  eden space 126976K, 8% used [0x000000076bd00000,0x000000076c7262b8,0x0000000773900000)
  from space 10752K, 99% used [0x0000000773900000,0x000000077437ffc0,0x0000000774380000)
  to   space 12288K, 0% used [0x0000000775b00000,0x0000000775b00000,0x0000000776700000)
 ParOldGen       total 104448K, used 9555K [0x00000006c3600000, 0x00000006c9c00000, 0x000000076bd00000)
  object space 104448K, 9% used [0x00000006c3600000,0x00000006c3f54f38,0x00000006c9c00000)
 Metaspace       used 33323K, capacity 35387K, committed 35496K, reserved 1079296K
  class space    used 4413K, capacity 4784K, committed 4784K, reserved 1048576K
Event: 3.194 GC heap after
Heap after GC invocations=7 (full 1):
 PSYoungGen      total 162304K, used 7696K [0x000000076bd00000, 0x0000000779a00000, 0x00000007c0000000)
  eden space 150016K, 0% used [0x000000076bd00000,0x000000076bd00000,0x0000000774f80000)
  from space 12288K, 62% used [0x0000000775b00000,0x0000000776284368,0x0000000776700000)
  to   space 11776K, 0% used [0x0000000774f80000,0x0000000774f80000,0x0000000775b00000)
 ParOldGen       total 104448K, used 9563K [0x00000006c3600000, 0x00000006c9c00000, 0x000000076bd00000)
  object space 104448K, 9% used [0x00000006c3600000,0x00000006c3f56f38,0x00000006c9c00000)
 Metaspace       used 33323K, capacity 35387K, committed 35496K, reserved 1079296K
  class space    used 4413K, capacity 4784K, committed 4784K, reserved 1048576K
}
Event: 3.194 GC heap before
{Heap before GC invocations=8 (full 2):
 PSYoungGen      total 162304K, used 7696K [0x000000076bd00000, 0x0000000779a00000, 0x00000007c0000000)
  eden space 150016K, 0% used [0x000000076bd00000,0x000000076bd00000,0x0000000774f80000)
  from space 12288K, 62% used [0x0000000775b00000,0x0000000776284368,0x0000000776700000)
  to   space 11776K, 0% used [0x0000000774f80000,0x0000000774f80000,0x0000000775b00000)
 ParOldGen       total 104448K, used 9563K [0x00000006c3600000, 0x00000006c9c00000, 0x000000076bd00000)
  object space 104448K, 9% used [0x00000006c3600000,0x00000006c3f56f38,0x00000006c9c00000)
 Metaspace       used 33323K, capacity 35387K, committed 35496K, reserved 1079296K
  class space    used 4413K, capacity 4784K, committed 4784K, reserved 1048576K
Event: 3.225 GC heap after
Heap after GC invocations=8 (full 2):
 PSYoungGen      total 162304K, used 0K [0x000000076bd00000, 0x0000000779a00000, 0x00000007c0000000)
  eden space 150016K, 0% used [0x000000076bd00000,0x000000076bd00000,0x0000000774f80000)
  from space 12288K, 0% used [0x0000000775b00000,0x0000000775b00000,0x0000000776700000)
  to   space 11776K, 0% used [0x0000000774f80000,0x0000000774f80000,0x0000000775b00000)
 ParOldGen       total 104448K, used 12333K [0x00000006c3600000, 0x00000006c9c00000, 0x000000076bd00000)
  object space 104448K, 11% used [0x00000006c3600000,0x00000006c420b650,0x00000006c9c00000)
 Metaspace       used 33323K, capacity 35387K, committed 35496K, reserved 1079296K
  class space    used 4413K, capacity 4784K, committed 4784K, reserved 1048576K
}

